0 info it worked if it ends with ok
1 verbose cli [ '/usr/local/bin/node',
1 verbose cli   '/Users/yoavhagashi/.npm-packages/bin/npm',
1 verbose cli   'start' ]
2 info using npm@3.8.6
3 info using node@v4.4.3
4 verbose run-script [ 'prestart', 'start', 'poststart' ]
5 info lifecycle loc8r@0.0.0~prestart: loc8r@0.0.0
6 silly lifecycle loc8r@0.0.0~prestart: no script for prestart, continuing
7 info lifecycle loc8r@0.0.0~start: loc8r@0.0.0
8 verbose lifecycle loc8r@0.0.0~start: unsafe-perm in lifecycle true
9 verbose lifecycle loc8r@0.0.0~start: PATH: /Users/yoavhagashi/.npm-packages/lib/node_modules/npm/bin/node-gyp-bin:/Users/yoavhagashi/Documents/loc8r/node_modules/.bin:/usr/local/bin:~/.npm-packages/bin:/usr/local/bin:/usr/bin:/bin:/usr/sbin:/sbin
10 verbose lifecycle loc8r@0.0.0~start: CWD: /Users/yoavhagashi/Documents/loc8r
11 silly lifecycle loc8r@0.0.0~start: Args: [ '-c', 'node ./bin/www' ]
12 silly lifecycle loc8r@0.0.0~start: Returned: code: 1  signal: null
13 info lifecycle loc8r@0.0.0~start: Failed to exec start script
14 verbose stack Error: loc8r@0.0.0 start: `node ./bin/www`
14 verbose stack Exit status 1
14 verbose stack     at EventEmitter.<anonymous> (/Users/yoavhagashi/.npm-packages/lib/node_modules/npm/lib/utils/lifecycle.js:239:16)
14 verbose stack     at emitTwo (events.js:87:13)
14 verbose stack     at EventEmitter.emit (events.js:172:7)
14 verbose stack     at ChildProcess.<anonymous> (/Users/yoavhagashi/.npm-packages/lib/node_modules/npm/lib/utils/spawn.js:24:14)
14 verbose stack     at emitTwo (events.js:87:13)
14 verbose stack     at ChildProcess.emit (events.js:172:7)
14 verbose stack     at maybeClose (internal/child_process.js:827:16)
14 verbose stack     at Process.ChildProcess._handle.onexit (internal/child_process.js:211:5)
15 verbose pkgid loc8r@0.0.0
16 verbose cwd /Users/yoavhagashi/Documents/loc8r
17 error Darwin 15.4.0
18 error argv "/usr/local/bin/node" "/Users/yoavhagashi/.npm-packages/bin/npm" "start"
19 error node v4.4.3
20 error npm  v3.8.6
21 error code ELIFECYCLE
22 error loc8r@0.0.0 start: `node ./bin/www`
22 error Exit status 1
23 error Failed at the loc8r@0.0.0 start script 'node ./bin/www'.
23 error Make sure you have the latest version of node.js and npm installed.
23 error If you do, this is most likely a problem with the loc8r package,
23 error not with npm itself.
23 error Tell the author that this fails on your system:
23 error     node ./bin/www
23 error You can get information on how to open an issue for this project with:
23 error     npm bugs loc8r
23 error Or if that isn't available, you can get their info via:
23 error     npm owner ls loc8r
23 error There is likely additional logging output above.
24 verbose exit [ 1, true ]
